2023/10/19 07:44:01 [error] 7#7: *8 lua entry thread aborted: runtime error: /usr/local/openresty/luajit/share/lua/5.1/resty/session.lua:15: module 'string.buffer' not found:
	no field package.preload['string.buffer']
	no file '/usr/local/openresty/lualib/string/buffer.lua'
	no file '/usr/local/openresty/site/lualib/string/buffer.ljbc'
	no file '/usr/local/openresty/site/lualib/string/buffer/init.ljbc'
	no file '/usr/local/openresty/lualib/string/buffer.ljbc'
	no file '/usr/local/openresty/lualib/string/buffer/init.ljbc'
	no file '/usr/local/openresty/site/lualib/string/buffer.lua'
	no file '/usr/local/openresty/site/lualib/string/buffer/init.lua'
	no file '/usr/local/openresty/lualib/string/buffer.lua'
	no file '/usr/local/openresty/lualib/string/buffer/init.lua'
	no file '/usr/local/openresty/site/lualib/string/buffer.ljbc'
	no file '/usr/local/openresty/site/lualib/string/buffer/init.ljbc'
	no file '/usr/local/openresty/lualib/string/buffer.ljbc'
	no file '/usr/local/openresty/lualib/string/buffer/init.ljbc'
	no file '/usr/local/openresty/site/lualib/string/buffer.lua'
	no file '/usr/local/openresty/site/lualib/string/buffer/init.lua'
	no file '/usr/local/openresty/lualib/string/buffer.lua'
	no file '/usr/local/openresty/lualib/string/buffer/init.lua'
	no file './string/buffer.lua'
	no file '/usr/local/openresty/luajit/share/luajit-2.1.0-beta3/string/buffer.lua'
	no file '/usr/local/share/lua/5.1/string/buffer.lua'
	no file '/usr/local/share/lua/5.1/string/buffer/init.lua'
	no file '/usr/local/openresty/luajit/share/lua/5.1/string/buffer.lua'
	no file '/usr/local/openresty/luajit/share/lua/5.1/string/buffer/init.lua'
	no file '/usr/local/share/lua/5.4/string/buffer.lua'
	no file '/usr/local/openresty/site/lualib/string/buffer.ljbc'
	no file '/usr/local/openresty/site/lualib/string/buffer/init.ljbc'
	no file '/usr/local/openresty/lualib/string/buffer.ljbc'
	no file '/usr/local/openresty/lualib/string/buffer/init.ljbc'
	no file '/usr/local/openresty/site/lualib/string/buffer.lua'
	no file '/usr/local/openresty/site/lualib/string/buffer/init.lua'
	no file '/usr/local/openresty/lualib/string/buffer.lua'
	no file '/usr/local/openresty/lualib/string/buffer/init.lua'
	no file '/usr/local/openresty/site/lualib/string/buffer.ljbc'
	no file '/usr/local/openresty/site/lualib/string/buffer/init.ljbc'
	no file '/usr/local/openresty/lualib/string/buffer.ljbc'
	no file '/usr/local/openresty/lualib/string/buffer/init.ljbc'
	no file '/usr/local/openresty/site/lualib/string/buffer.lua'
	no file '/usr/local/openresty/site/lualib/string/buffer/init.lua'
	no file '/usr/local/openresty/lualib/string/buffer.lua'
	no file '/usr/local/openresty/lualib/string/buffer/init.lua'
	no file './string/buffer.lua'
	no file '/usr/local/openresty/luajit/share/luajit-2.1.0-beta3/string/buffer.lua'
	no file '/usr/local/share/lua/5.1/string/buffer.lua'
	no file '/usr/local/share/lua/5.1/string/buffer/init.lua'
	no file '/usr/local/openresty/luajit/share/lua/5.1/string/buffer.lua'
	no file '/usr/local/openresty/luajit/share/lua/5.1/string/buffer/init.lua'
	no file '/usr/local/openresty/site/lualib/string/buffer.so'
	no file '/usr/local/openresty/lualib/string/buffer.so'
	no file '/usr/local/openresty/site/lualib/string/buffer.so'
	no file '/usr/local/openresty/lualib/string/buffer.so'
	no file './string/buffer.so'
	no file '/usr/local/lib/lua/5.1/string/buffer.so'
	no file '/usr/local/openresty/luajit/lib/lua/5.1/string/buffer.so'
	no file '/usr/local/lib/lua/5.1/loadall.so'
	no file '/usr/local/openresty/luajit/lib/lua/5.1/string/buffer.so'
	no file '/usr/local/openresty/site/lualib/string.so'
	no file '/usr/local/openresty/lualib/string.so'
	no file '/usr/local/openresty/site/lualib/string.so'
	no file '/usr/local/openresty/lualib/string.so'
	no file './string.so'
	no file '/usr/local/lib/lua/5.1/string.so'
	no file '/usr/local/openresty/luajit/lib/lua/5.1/string.so'
	no file '/usr/local/lib/lua/5.1/loadall.so'
	no file '/usr/local/openresty/luajit/lib/lua/5.1/string.so'
stack traceback:
coroutine 0:
	[C]: in function 'require'
	access_by_lua(nginx.conf:
2023/10/19 07:44:37 [error] 7#7: *9 lua entry thread aborted: runtime error: /usr/local/openresty/luajit/share/lua/5.1/resty/session.lua:15: module 'string.buffer' not found:
	no field package.preload['string.buffer']
	no file '/usr/local/openresty/lualib/string/buffer.lua'
	no file '/usr/local/openresty/site/lualib/string/buffer.ljbc'
	no file '/usr/local/openresty/site/lualib/string/buffer/init.ljbc'
	no file '/usr/local/openresty/lualib/string/buffer.ljbc'
	no file '/usr/local/openresty/lualib/string/buffer/init.ljbc'
	no file '/usr/local/openresty/site/lualib/string/buffer.lua'
	no file '/usr/local/openresty/site/lualib/string/buffer/init.lua'
	no file '/usr/local/openresty/lualib/string/buffer.lua'
	no file '/usr/local/openresty/lualib/string/buffer/init.lua'
	no file '/usr/local/openresty/site/lualib/string/buffer.ljbc'
	no file '/usr/local/openresty/site/lualib/string/buffer/init.ljbc'
	no file '/usr/local/openresty/lualib/string/buffer.ljbc'
	no file '/usr/local/openresty/lualib/string/buffer/init.ljbc'
	no file '/usr/local/openresty/site/lualib/string/buffer.lua'
	no file '/usr/local/openresty/site/lualib/string/buffer/init.lua'
	no file '/usr/local/openresty/lualib/string/buffer.lua'
	no file '/usr/local/openresty/lualib/string/buffer/init.lua'
	no file './string/buffer.lua'
	no file '/usr/local/openresty/luajit/share/luajit-2.1.0-beta3/string/buffer.lua'
	no file '/usr/local/share/lua/5.1/string/buffer.lua'
	no file '/usr/local/share/lua/5.1/string/buffer/init.lua'
	no file '/usr/local/openresty/luajit/share/lua/5.1/string/buffer.lua'
	no file '/usr/local/openresty/luajit/share/lua/5.1/string/buffer/init.lua'
	no file '/usr/local/share/lua/5.4/string/buffer.lua'
	no file '/usr/local/openresty/site/lualib/string/buffer.ljbc'
	no file '/usr/local/openresty/site/lualib/string/buffer/init.ljbc'
	no file '/usr/local/openresty/lualib/string/buffer.ljbc'
	no file '/usr/local/openresty/lualib/string/buffer/init.ljbc'
	no file '/usr/local/openresty/site/lualib/string/buffer.lua'
	no file '/usr/local/openresty/site/lualib/string/buffer/init.lua'
	no file '/usr/local/openresty/lualib/string/buffer.lua'
	no file '/usr/local/openresty/lualib/string/buffer/init.lua'
	no file '/usr/local/openresty/site/lualib/string/buffer.ljbc'
	no file '/usr/local/openresty/site/lualib/string/buffer/init.ljbc'
	no file '/usr/local/openresty/lualib/string/buffer.ljbc'
	no file '/usr/local/openresty/lualib/string/buffer/init.ljbc'
	no file '/usr/local/openresty/site/lualib/string/buffer.lua'
	no file '/usr/local/openresty/site/lualib/string/buffer/init.lua'
	no file '/usr/local/openresty/lualib/string/buffer.lua'
	no file '/usr/local/openresty/lualib/string/buffer/init.lua'
	no file './string/buffer.lua'
	no file '/usr/local/openresty/luajit/share/luajit-2.1.0-beta3/string/buffer.lua'
	no file '/usr/local/share/lua/5.1/string/buffer.lua'
	no file '/usr/local/share/lua/5.1/string/buffer/init.lua'
	no file '/usr/local/openresty/luajit/share/lua/5.1/string/buffer.lua'
	no file '/usr/local/openresty/luajit/share/lua/5.1/string/buffer/init.lua'
	no file '/usr/local/openresty/site/lualib/string/buffer.so'
	no file '/usr/local/openresty/lualib/string/buffer.so'
	no file '/usr/local/openresty/site/lualib/string/buffer.so'
	no file '/usr/local/openresty/lualib/string/buffer.so'
	no file './string/buffer.so'
	no file '/usr/local/lib/lua/5.1/string/buffer.so'
	no file '/usr/local/openresty/luajit/lib/lua/5.1/string/buffer.so'
	no file '/usr/local/lib/lua/5.1/loadall.so'
	no file '/usr/local/openresty/luajit/lib/lua/5.1/string/buffer.so'
	no file '/usr/local/openresty/site/lualib/string.so'
	no file '/usr/local/openresty/lualib/string.so'
	no file '/usr/local/openresty/site/lualib/string.so'
	no file '/usr/local/openresty/lualib/string.so'
	no file './string.so'
	no file '/usr/local/lib/lua/5.1/string.so'
	no file '/usr/local/openresty/luajit/lib/lua/5.1/string.so'
	no file '/usr/local/lib/lua/5.1/loadall.so'
	no file '/usr/local/openresty/luajit/lib/lua/5.1/string.so'
stack traceback:
coroutine 0:
	[C]: in function 'require'
	access_by_lua(nginx.conf:
2023/10/19 07:44:46 [error] 7#7: *10 lua entry thread aborted: runtime error: /usr/local/openresty/luajit/share/lua/5.1/resty/session.lua:15: module 'string.buffer' not found:
	no field package.preload['string.buffer']
	no file '/usr/local/openresty/lualib/string/buffer.lua'
	no file '/usr/local/openresty/site/lualib/string/buffer.ljbc'
	no file '/usr/local/openresty/site/lualib/string/buffer/init.ljbc'
	no file '/usr/local/openresty/lualib/string/buffer.ljbc'
	no file '/usr/local/openresty/lualib/string/buffer/init.ljbc'
	no file '/usr/local/openresty/site/lualib/string/buffer.lua'
	no file '/usr/local/openresty/site/lualib/string/buffer/init.lua'
	no file '/usr/local/openresty/lualib/string/buffer.lua'
	no file '/usr/local/openresty/lualib/string/buffer/init.lua'
	no file '/usr/local/openresty/site/lualib/string/buffer.ljbc'
	no file '/usr/local/openresty/site/lualib/string/buffer/init.ljbc'
	no file '/usr/local/openresty/lualib/string/buffer.ljbc'
	no file '/usr/local/openresty/lualib/string/buffer/init.ljbc'
	no file '/usr/local/openresty/site/lualib/string/buffer.lua'
	no file '/usr/local/openresty/site/lualib/string/buffer/init.lua'
	no file '/usr/local/openresty/lualib/string/buffer.lua'
	no file '/usr/local/openresty/lualib/string/buffer/init.lua'
	no file './string/buffer.lua'
	no file '/usr/local/openresty/luajit/share/luajit-2.1.0-beta3/string/buffer.lua'
	no file '/usr/local/share/lua/5.1/string/buffer.lua'
	no file '/usr/local/share/lua/5.1/string/buffer/init.lua'
	no file '/usr/local/openresty/luajit/share/lua/5.1/string/buffer.lua'
	no file '/usr/local/openresty/luajit/share/lua/5.1/string/buffer/init.lua'
	no file '/usr/local/share/lua/5.4/string/buffer.lua'
	no file '/usr/local/openresty/site/lualib/string/buffer.ljbc'
	no file '/usr/local/openresty/site/lualib/string/buffer/init.ljbc'
	no file '/usr/local/openresty/lualib/string/buffer.ljbc'
	no file '/usr/local/openresty/lualib/string/buffer/init.ljbc'
	no file '/usr/local/openresty/site/lualib/string/buffer.lua'
	no file '/usr/local/openresty/site/lualib/string/buffer/init.lua'
	no file '/usr/local/openresty/lualib/string/buffer.lua'
	no file '/usr/local/openresty/lualib/string/buffer/init.lua'
	no file '/usr/local/openresty/site/lualib/string/buffer.ljbc'
	no file '/usr/local/openresty/site/lualib/string/buffer/init.ljbc'
	no file '/usr/local/openresty/lualib/string/buffer.ljbc'
	no file '/usr/local/openresty/lualib/string/buffer/init.ljbc'
	no file '/usr/local/openresty/site/lualib/string/buffer.lua'
	no file '/usr/local/openresty/site/lualib/string/buffer/init.lua'
	no file '/usr/local/openresty/lualib/string/buffer.lua'
	no file '/usr/local/openresty/lualib/string/buffer/init.lua'
	no file './string/buffer.lua'
	no file '/usr/local/openresty/luajit/share/luajit-2.1.0-beta3/string/buffer.lua'
	no file '/usr/local/share/lua/5.1/string/buffer.lua'
	no file '/usr/local/share/lua/5.1/string/buffer/init.lua'
	no file '/usr/local/openresty/luajit/share/lua/5.1/string/buffer.lua'
	no file '/usr/local/openresty/luajit/share/lua/5.1/string/buffer/init.lua'
	no file '/usr/local/openresty/site/lualib/string/buffer.so'
	no file '/usr/local/openresty/lualib/string/buffer.so'
	no file '/usr/local/openresty/site/lualib/string/buffer.so'
	no file '/usr/local/openresty/lualib/string/buffer.so'
	no file './string/buffer.so'
	no file '/usr/local/lib/lua/5.1/string/buffer.so'
	no file '/usr/local/openresty/luajit/lib/lua/5.1/string/buffer.so'
	no file '/usr/local/lib/lua/5.1/loadall.so'
	no file '/usr/local/openresty/luajit/lib/lua/5.1/string/buffer.so'
	no file '/usr/local/openresty/site/lualib/string.so'
	no file '/usr/local/openresty/lualib/string.so'
	no file '/usr/local/openresty/site/lualib/string.so'
	no file '/usr/local/openresty/lualib/string.so'
	no file './string.so'
	no file '/usr/local/lib/lua/5.1/string.so'
	no file '/usr/local/openresty/luajit/lib/lua/5.1/string.so'
	no file '/usr/local/lib/lua/5.1/loadall.so'
	no file '/usr/local/openresty/luajit/lib/lua/5.1/string.so'
stack traceback:
coroutine 0:
	[C]: in function 'require'
	access_by_lua(nginx.conf
2023/10/19 07:44:54 [error] 7#7: *14 lua entry thread aborted: runtime error: /usr/local/openresty/luajit/share/lua/5.1/resty/session.lua:15: module 'string.buffer' not found:
	no field package.preload['string.buffer']
	no file '/usr/local/openresty/lualib/string/buffer.lua'
	no file '/usr/local/openresty/site/lualib/string/buffer.ljbc'
	no file '/usr/local/openresty/site/lualib/string/buffer/init.ljbc'
	no file '/usr/local/openresty/lualib/string/buffer.ljbc'
	no file '/usr/local/openresty/lualib/string/buffer/init.ljbc'
	no file '/usr/local/openresty/site/lualib/string/buffer.lua'
	no file '/usr/local/openresty/site/lualib/string/buffer/init.lua'
	no file '/usr/local/openresty/lualib/string/buffer.lua'
	no file '/usr/local/openresty/lualib/string/buffer/init.lua'
	no file '/usr/local/openresty/site/lualib/string/buffer.ljbc'
	no file '/usr/local/openresty/site/lualib/string/buffer/init.ljbc'
	no file '/usr/local/openresty/lualib/string/buffer.ljbc'
	no file '/usr/local/openresty/lualib/string/buffer/init.ljbc'
	no file '/usr/local/openresty/site/lualib/string/buffer.lua'
	no file '/usr/local/openresty/site/lualib/string/buffer/init.lua'
	no file '/usr/local/openresty/lualib/string/buffer.lua'
	no file '/usr/local/openresty/lualib/string/buffer/init.lua'
	no file './string/buffer.lua'
	no file '/usr/local/openresty/luajit/share/luajit-2.1.0-beta3/string/buffer.lua'
	no file '/usr/local/share/lua/5.1/string/buffer.lua'
	no file '/usr/local/share/lua/5.1/string/buffer/init.lua'
	no file '/usr/local/openresty/luajit/share/lua/5.1/string/buffer.lua'
	no file '/usr/local/openresty/luajit/share/lua/5.1/string/buffer/init.lua'
	no file '/usr/local/share/lua/5.4/string/buffer.lua'
	no file '/usr/local/openresty/site/lualib/string/buffer.ljbc'
	no file '/usr/local/openresty/site/lualib/string/buffer/init.ljbc'
	no file '/usr/local/openresty/lualib/string/buffer.ljbc'
	no file '/usr/local/openresty/lualib/string/buffer/init.ljbc'
	no file '/usr/local/openresty/site/lualib/string/buffer.lua'
	no file '/usr/local/openresty/site/lualib/string/buffer/init.lua'
	no file '/usr/local/openresty/lualib/string/buffer.lua'
	no file '/usr/local/openresty/lualib/string/buffer/init.lua'
	no file '/usr/local/openresty/site/lualib/string/buffer.ljbc'
	no file '/usr/local/openresty/site/lualib/string/buffer/init.ljbc'
	no file '/usr/local/openresty/lualib/string/buffer.ljbc'
	no file '/usr/local/openresty/lualib/string/buffer/init.ljbc'
	no file '/usr/local/openresty/site/lualib/string/buffer.lua'
	no file '/usr/local/openresty/site/lualib/string/buffer/init.lua'
	no file '/usr/local/openresty/lualib/string/buffer.lua'
	no file '/usr/local/openresty/lualib/string/buffer/init.lua'
	no file './string/buffer.lua'
	no file '/usr/local/openresty/luajit/share/luajit-2.1.0-beta3/string/buffer.lua'
	no file '/usr/local/share/lua/5.1/string/buffer.lua'
	no file '/usr/local/share/lua/5.1/string/buffer/init.lua'
	no file '/usr/local/openresty/luajit/share/lua/5.1/string/buffer.lua'
	no file '/usr/local/openresty/luajit/share/lua/5.1/string/buffer/init.lua'
	no file '/usr/local/openresty/site/lualib/string/buffer.so'
	no file '/usr/local/openresty/lualib/string/buffer.so'
	no file '/usr/local/openresty/site/lualib/string/buffer.so'
	no file '/usr/local/openresty/lualib/string/buffer.so'
	no file './string/buffer.so'
	no file '/usr/local/lib/lua/5.1/string/buffer.so'
	no file '/usr/local/openresty/luajit/lib/lua/5.1/string/buffer.so'
	no file '/usr/local/lib/lua/5.1/loadall.so'
	no file '/usr/local/openresty/luajit/lib/lua/5.1/string/buffer.so'
	no file '/usr/local/openresty/site/lualib/string.so'
	no file '/usr/local/openresty/lualib/string.so'
	no file '/usr/local/openresty/site/lualib/string.so'
	no file '/usr/local/openresty/lualib/string.so'
	no file './string.so'
	no file '/usr/local/lib/lua/5.1/string.so'
	no file '/usr/local/openresty/luajit/lib/lua/5.1/string.so'
	no file '/usr/local/lib/lua/5.1/loadall.so'
	no file '/usr/local/openresty/luajit/lib/lua/5.1/string.so'
stack traceback:
coroutine 0:
	[C]: in function 'require'
	access_by_lua(nginx.conf
